[01-Aug-2017 08:48:04 UTC] PHP Fatal error:  Uncaught exception 'PDOException' with message 'SQLSTATE[22003]: Numeric value out of range: 1690 BIGINT UNSIGNED value is out of range in '(`SocialNetwork`.`posts`.`likes` - 1)'' in /home/ubuntu/workspace/api/DB.php:16
Stack trace:
#0 /home/ubuntu/workspace/api/DB.php(16): PDOStatement->execute(Array)
#1 /home/ubuntu/workspace/api/index.php(141): DB->query('UPDATE posts SE...', Array)
#2 {main}
  thrown in /home/ubuntu/workspace/api/DB.php on line 16
[01-Aug-2017 08:48:07 UTC] PHP Fatal error:  Uncaught exception 'PDOException' with message 'SQLSTATE[22003]: Numeric value out of range: 1690 BIGINT UNSIGNED value is out of range in '(`SocialNetwork`.`posts`.`likes` - 1)'' in /home/ubuntu/workspace/api/DB.php:16
Stack trace:
#0 /home/ubuntu/workspace/api/DB.php(16): PDOStatement->execute(Array)
#1 /home/ubuntu/workspace/api/index.php(141): DB->query('UPDATE posts SE...', Array)
#2 {main}
  thrown in /home/ubuntu/workspace/api/DB.php on line 16
[01-Aug-2017 08:48:46 UTC] PHP Fatal error:  Uncaught exception 'PDOException' with message 'SQLSTATE[22003]: Numeric value out of range: 1690 BIGINT UNSIGNED value is out of range in '(`SocialNetwork`.`posts`.`likes` - 1)'' in /home/ubuntu/workspace/api/DB.php:16
Stack trace:
#0 /home/ubuntu/workspace/api/DB.php(16): PDOStatement->execute(Array)
#1 /home/ubuntu/workspace/api/index.php(141): DB->query('UPDATE posts SE...', Array)
#2 {main}
  thrown in /home/ubuntu/workspace/api/DB.php on line 16
[01-Aug-2017 08:48:49 UTC] PHP Fatal error:  Uncaught exception 'PDOException' with message 'SQLSTATE[22003]: Numeric value out of range: 1690 BIGINT UNSIGNED value is out of range in '(`SocialNetwork`.`posts`.`likes` - 1)'' in /home/ubuntu/workspace/api/DB.php:16
Stack trace:
#0 /home/ubuntu/workspace/api/DB.php(16): PDOStatement->execute(Array)
#1 /home/ubuntu/workspace/api/index.php(141): DB->query('UPDATE posts SE...', Array)
#2 {main}
  thrown in /home/ubuntu/workspace/api/DB.php on line 16
[01-Aug-2017 08:48:49 UTC] PHP Fatal error:  Uncaught exception 'PDOException' with message 'SQLSTATE[22003]: Numeric value out of range: 1690 BIGINT UNSIGNED value is out of range in '(`SocialNetwork`.`posts`.`likes` - 1)'' in /home/ubuntu/workspace/api/DB.php:16
Stack trace:
#0 /home/ubuntu/workspace/api/DB.php(16): PDOStatement->execute(Array)
#1 /home/ubuntu/workspace/api/index.php(141): DB->query('UPDATE posts SE...', Array)
#2 {main}
  thrown in /home/ubuntu/workspace/api/DB.php on line 16
[01-Aug-2017 08:48:49 UTC] PHP Fatal error:  Uncaught exception 'PDOException' with message 'SQLSTATE[22003]: Numeric value out of range: 1690 BIGINT UNSIGNED value is out of range in '(`SocialNetwork`.`posts`.`likes` - 1)'' in /home/ubuntu/workspace/api/DB.php:16
Stack trace:
#0 /home/ubuntu/workspace/api/DB.php(16): PDOStatement->execute(Array)
#1 /home/ubuntu/workspace/api/index.php(141): DB->query('UPDATE posts SE...', Array)
#2 {main}
  thrown in /home/ubuntu/workspace/api/DB.php on line 16
[01-Aug-2017 08:48:49 UTC] PHP Fatal error:  Uncaught exception 'PDOException' with message 'SQLSTATE[22003]: Numeric value out of range: 1690 BIGINT UNSIGNED value is out of range in '(`SocialNetwork`.`posts`.`likes` - 1)'' in /home/ubuntu/workspace/api/DB.php:16
Stack trace:
#0 /home/ubuntu/workspace/api/DB.php(16): PDOStatement->execute(Array)
#1 /home/ubuntu/workspace/api/index.php(141): DB->query('UPDATE posts SE...', Array)
#2 {main}
  thrown in /home/ubuntu/workspace/api/DB.php on line 16
[01-Aug-2017 08:53:15 UTC] PHP Fatal error:  Uncaught exception 'PDOException' with message 'SQLSTATE[22003]: Numeric value out of range: 1690 BIGINT UNSIGNED value is out of range in '(`SocialNetwork`.`posts`.`likes` - 1)'' in /home/ubuntu/workspace/api/DB.php:16
Stack trace:
#0 /home/ubuntu/workspace/api/DB.php(16): PDOStatement->execute(Array)
#1 /home/ubuntu/workspace/api/index.php(141): DB->query('UPDATE posts SE...', Array)
#2 {main}
  thrown in /home/ubuntu/workspace/api/DB.php on line 16
[01-Aug-2017 11:32:24 UTC] PHP Fatal error:  Using $this when not in object context in /home/ubuntu/workspace/api/DB.php on line 15
[01-Aug-2017 11:32:24 UTC] PHP Stack trace:
[01-Aug-2017 11:32:24 UTC] PHP   1. {main}() /home/ubuntu/workspace/api/index.php:0
[01-Aug-2017 11:32:24 UTC] PHP   2. DB::query() /home/ubuntu/workspace/api/index.php:41
